[INFO] Scanning for projects...
[INFO] 
[INFO] --------------------< com.tycoon:admin-management >---------------------
[INFO] Building Tycoon Admin Management System 1.0.0-SNAPSHOT
[INFO]   from pom.xml
[INFO] --------------------------------[ jar ]---------------------------------
[INFO] 
[INFO] >>> spring-boot:3.2.3:run (default-cli) > test-compile @ admin-management >>>
[INFO] 
[INFO] --- resources:3.3.1:resources (default-resources) @ admin-management ---
[INFO] Copying 3 resources from src/main/resources to target/classes
[INFO] Copying 1 resource from src/main/resources to target/classes
[INFO] 
[INFO] --- compiler:3.8.1:compile (default-compile) @ admin-management ---
[INFO] Nothing to compile - all classes are up to date
[INFO] 
[INFO] --- resources:3.3.1:testResources (default-testResources) @ admin-management ---
[INFO] Copying 1 resource from src/test/resources to target/test-classes
[INFO] 
[INFO] --- compiler:3.8.1:testCompile (default-testCompile) @ admin-management ---
[INFO] Nothing to compile - all classes are up to date
[INFO] 
[INFO] <<< spring-boot:3.2.3:run (default-cli) < test-compile @ admin-management <<<
[INFO] 
[INFO] 
[INFO] --- spring-boot:3.2.3:run (default-cli) @ admin-management ---
[INFO] Attaching agents: []

  .   ____          _            __ _ _
 /\\ / ___'_ __ _ _(_)_ __  __ _ \ \ \ \
( ( )\___ | '_ | '_| | '_ \/ _` | \ \ \ \
 \\/  ___)| |_)| | | | | || (_| |  ) ) ) )
  '  |____| .__|_| |_|_| |_\__, | / / / /
 =========|_|==============|___/=/_/_/_/
 :: Spring Boot ::                (v3.2.3)

2025-06-05 18:09:21.665 - INFO 45737 --- [           main] c.t.admin.AdminManagementApplication     : Starting AdminManagementApplication using Java 17.0.15 with PID 45737 (/Users/hongyuanfan/Desktop/TacoonStartsFromNew/Backend/target/classes started by hongyuanfan in /Users/hongyuanfan/Desktop/TacoonStartsFromNew/Backend)
-2025-06-05 18:09:21.667 -DEBUG 45737 --- [           main] c.t.admin.AdminManagementApplication     : Running with Spring Boot v3.2.3, Spring v6.1.4
-2025-06-05 18:09:21.667 - INFO 45737 --- [           main] c.t.admin.AdminManagementApplication     : The following 1 profile is active: "dev"
-2025-06-05 18:09:22.121 - INFO 45737 --- [           main] .s.d.r.c.RepositoryConfigurationDelegate : Multiple Spring Data modules found, entering strict repository configuration mode
-2025-06-05 18:09:22.122 - INFO 45737 --- [           main] .s.d.r.c.RepositoryConfigurationDelegate : Bootstrapping Spring Data JPA repositories in DEFAULT mode.
-2025-06-05 18:09:22.177 - INFO 45737 --- [           main] .s.d.r.c.RepositoryConfigurationDelegate : Finished Spring Data repository scanning in 53 ms. Found 3 JPA repository interfaces.
-2025-06-05 18:09:22.180 - INFO 45737 --- [           main] .s.d.r.c.RepositoryConfigurationDelegate : Multiple Spring Data modules found, entering strict repository configuration mode
-2025-06-05 18:09:22.180 - INFO 45737 --- [           main] .s.d.r.c.RepositoryConfigurationDelegate : Bootstrapping Spring Data MongoDB repositories in DEFAULT mode.
-2025-06-05 18:09:22.183 - INFO 45737 --- [           main] .RepositoryConfigurationExtensionSupport : Spring Data MongoDB - Could not safely identify store assignment for repository candidate interface com.tycoon.admin.audit.repository.AuditLogRepository; If you want this repository to be a MongoDB repository, consider annotating your entities with one of these annotations: org.springframework.data.mongodb.core.mapping.Document (preferred), or consider extending one of the following types with your repository: org.springframework.data.mongodb.repository.MongoRepository
-2025-06-05 18:09:22.183 - INFO 45737 --- [           main] .RepositoryConfigurationExtensionSupport : Spring Data MongoDB - Could not safely identify store assignment for repository candidate interface com.tycoon.admin.auth.repository.AdminUserRepository; If you want this repository to be a MongoDB repository, consider annotating your entities with one of these annotations: org.springframework.data.mongodb.core.mapping.Document (preferred), or consider extending one of the following types with your repository: org.springframework.data.mongodb.repository.MongoRepository
-2025-06-05 18:09:22.183 - INFO 45737 --- [           main] .RepositoryConfigurationExtensionSupport : Spring Data MongoDB - Could not safely identify store assignment for repository candidate interface com.tycoon.admin.user.repository.UserRepository; If you want this repository to be a MongoDB repository, consider annotating your entities with one of these annotations: org.springframework.data.mongodb.core.mapping.Document (preferred), or consider extending one of the following types with your repository: org.springframework.data.mongodb.repository.MongoRepository
-2025-06-05 18:09:22.183 - INFO 45737 --- [           main] .s.d.r.c.RepositoryConfigurationDelegate : Finished Spring Data repository scanning in 3 ms. Found 0 MongoDB repository interfaces.
-2025-06-05 18:09:22.185 - INFO 45737 --- [           main] .s.d.r.c.RepositoryConfigurationDelegate : Multiple Spring Data modules found, entering strict repository configuration mode
-2025-06-05 18:09:22.185 - INFO 45737 --- [           main] .s.d.r.c.RepositoryConfigurationDelegate : Bootstrapping Spring Data Redis repositories in DEFAULT mode.
-2025-06-05 18:09:22.189 - INFO 45737 --- [           main] .RepositoryConfigurationExtensionSupport : Spring Data Redis - Could not safely identify store assignment for repository candidate interface com.tycoon.admin.audit.repository.AuditLogRepository; If you want this repository to be a Redis repository, consider annotating your entities with one of these annotations: org.springframework.data.redis.core.RedisHash (preferred), or consider extending one of the following types with your repository: org.springframework.data.keyvalue.repository.KeyValueRepository
-2025-06-05 18:09:22.189 - INFO 45737 --- [           main] .RepositoryConfigurationExtensionSupport : Spring Data Redis - Could not safely identify store assignment for repository candidate interface com.tycoon.admin.auth.repository.AdminUserRepository; If you want this repository to be a Redis repository, consider annotating your entities with one of these annotations: org.springframework.data.redis.core.RedisHash (preferred), or consider extending one of the following types with your repository: org.springframework.data.keyvalue.repository.KeyValueRepository
-2025-06-05 18:09:22.189 - INFO 45737 --- [           main] .RepositoryConfigurationExtensionSupport : Spring Data Redis - Could not safely identify store assignment for repository candidate interface com.tycoon.admin.user.repository.UserRepository; If you want this repository to be a Redis repository, consider annotating your entities with one of these annotations: org.springframework.data.redis.core.RedisHash (preferred), or consider extending one of the following types with your repository: org.springframework.data.keyvalue.repository.KeyValueRepository
-2025-06-05 18:09:22.189 - INFO 45737 --- [           main] .s.d.r.c.RepositoryConfigurationDelegate : Finished Spring Data repository scanning in 1 ms. Found 0 Redis repository interfaces.
-2025-06-05 18:09:22.387 - WARN 45737 --- [           main] trationDelegate$BeanPostProcessorChecker : Bean 'org.springframework.boot.autoconfigure.jdbc.DataSourceConfiguration$Hikari' of type [org.springframework.boot.autoconfigure.jdbc.DataSourceConfiguration$Hikari] is not eligible for getting processed by all BeanPostProcessors (for example: not eligible for auto-proxying). Is this bean getting eagerly injected into a currently created BeanPostProcessor [jobRegistryBeanPostProcessor]? Check the corresponding BeanPostProcessor declaration and its dependencies.
-2025-06-05 18:09:22.394 - WARN 45737 --- [           main] trationDelegate$BeanPostProcessorChecker : Bean 'spring.datasource-org.springframework.boot.autoconfigure.jdbc.DataSourceProperties' of type [org.springframework.boot.autoconfigure.jdbc.DataSourceProperties] is not eligible for getting processed by all BeanPostProcessors (for example: not eligible for auto-proxying). Is this bean getting eagerly injected into a currently created BeanPostProcessor [jobRegistryBeanPostProcessor]? Check the corresponding BeanPostProcessor declaration and its dependencies.
-2025-06-05 18:09:22.397 - WARN 45737 --- [           main] trationDelegate$BeanPostProcessorChecker : Bean 'org.springframework.boot.autoconfigure.jdbc.DataSourceAutoConfiguration$PooledDataSourceConfiguration' of type [org.springframework.boot.autoconfigure.jdbc.DataSourceAutoConfiguration$PooledDataSourceConfiguration] is not eligible for getting processed by all BeanPostProcessors (for example: not eligible for auto-proxying). Is this bean getting eagerly injected into a currently created BeanPostProcessor [jobRegistryBeanPostProcessor]? Check the corresponding BeanPostProcessor declaration and its dependencies.
-2025-06-05 18:09:22.397 - WARN 45737 --- [           main] trationDelegate$BeanPostProcessorChecker : Bean 'jdbcConnectionDetails' of type [org.springframework.boot.autoconfigure.jdbc.PropertiesJdbcConnectionDetails] is not eligible for getting processed by all BeanPostProcessors (for example: not eligible for auto-proxying). Is this bean getting eagerly injected into a currently created BeanPostProcessor [jobRegistryBeanPostProcessor]? Check the corresponding BeanPostProcessor declaration and its dependencies.
-2025-06-05 18:09:22.404 - WARN 45737 --- [           main] trationDelegate$BeanPostProcessorChecker : Bean 'dataSource' of type [com.zaxxer.hikari.HikariDataSource] is not eligible for getting processed by all BeanPostProcessors (for example: not eligible for auto-proxying). Is this bean getting eagerly injected into a currently created BeanPostProcessor [jobRegistryBeanPostProcessor]? Check the corresponding BeanPostProcessor declaration and its dependencies.
-2025-06-05 18:09:22.414 - WARN 45737 --- [           main] trationDelegate$BeanPostProcessorChecker : Bean 'spring.jpa-org.springframework.boot.autoconfigure.orm.jpa.JpaProperties' of type [org.springframework.boot.autoconfigure.orm.jpa.JpaProperties] is not eligible for getting processed by all BeanPostProcessors (for example: not eligible for auto-proxying). Is this bean getting eagerly injected into a currently created BeanPostProcessor [jobRegistryBeanPostProcessor]? Check the corresponding BeanPostProcessor declaration and its dependencies.
-2025-06-05 18:09:22.420 - WARN 45737 --- [           main] trationDelegate$BeanPostProcessorChecker : Bean 'spring.jpa.hibernate-org.springframework.boot.autoconfigure.orm.jpa.HibernateProperties' of type [org.springframework.boot.autoconfigure.orm.jpa.HibernateProperties] is not eligible for getting processed by all BeanPostProcessors (for example: not eligible for auto-proxying). Is this bean getting eagerly injected into a currently created BeanPostProcessor [jobRegistryBeanPostProcessor]? Check the corresponding BeanPostProcessor declaration and its dependencies.
-2025-06-05 18:09:22.422 - WARN 45737 --- [           main] trationDelegate$BeanPostProcessorChecker : Bean 'org.springframework.boot.autoconfigure.jdbc.metadata.DataSourcePoolMetadataProvidersConfiguration$HikariPoolDataSourceMetadataProviderConfiguration' of type [org.springframework.boot.autoconfigure.jdbc.metadata.DataSourcePoolMetadataProvidersConfiguration$HikariPoolDataSourceMetadataProviderConfiguration] is not eligible for getting processed by all BeanPostProcessors (for example: not eligible for auto-proxying). Is this bean getting eagerly injected into a currently created BeanPostProcessor [jobRegistryBeanPostProcessor]? Check the corresponding BeanPostProcessor declaration and its dependencies.
-2025-06-05 18:09:22.423 - WARN 45737 --- [           main] trationDelegate$BeanPostProcessorChecker : Bean 'hikariPoolDataSourceMetadataProvider' of type [org.springframework.boot.autoconfigure.jdbc.metadata.DataSourcePoolMetadataProvidersConfiguration$HikariPoolDataSourceMetadataProviderConfiguration$$Lambda$684/0x0000000301517ac0] is not eligible for getting processed by all BeanPostProcessors (for example: not eligible for auto-proxying). Is this bean getting eagerly injected into a currently created BeanPostProcessor [jobRegistryBeanPostProcessor]? Check the corresponding BeanPostProcessor declaration and its dependencies.
-2025-06-05 18:09:22.425 - WARN 45737 --- [           main] trationDelegate$BeanPostProcessorChecker : Bean 'org.springframework.boot.autoconfigure.orm.jpa.HibernateJpaConfiguration' of type [org.springframework.boot.autoconfigure.orm.jpa.HibernateJpaConfiguration] is not eligible for getting processed by all BeanPostProcessors (for example: not eligible for auto-proxying). Is this bean getting eagerly injected into a currently created BeanPostProcessor [jobRegistryBeanPostProcessor]? Check the corresponding BeanPostProcessor declaration and its dependencies.
-2025-06-05 18:09:22.429 - WARN 45737 --- [           main] trationDelegate$BeanPostProcessorChecker : Bean 'org.springframework.boot.autoconfigure.transaction.TransactionManagerCustomizationAutoConfiguration' of type [org.springframework.boot.autoconfigure.transaction.TransactionManagerCustomizationAutoConfiguration] is not eligible for getting processed by all BeanPostProcessors (for example: not eligible for auto-proxying). Is this bean getting eagerly injected into a currently created BeanPostProcessor [jobRegistryBeanPostProcessor]? Check the corresponding BeanPostProcessor declaration and its dependencies.
-2025-06-05 18:09:22.430 - WARN 45737 --- [           main] trationDelegate$BeanPostProcessorChecker : Bean 'transactionExecutionListeners' of type [org.springframework.boot.autoconfigure.transaction.ExecutionListenersTransactionManagerCustomizer] is not eligible for getting processed by all BeanPostProcessors (for example: not eligible for auto-proxying). Is this bean getting eagerly injected into a currently created BeanPostProcessor [jobRegistryBeanPostProcessor]? Check the corresponding BeanPostProcessor declaration and its dependencies.
-2025-06-05 18:09:22.432 - WARN 45737 --- [           main] trationDelegate$BeanPostProcessorChecker : Bean 'spring.transaction-org.springframework.boot.autoconfigure.transaction.TransactionProperties' of type [org.springframework.boot.autoconfigure.transaction.TransactionProperties] is not eligible for getting processed by all BeanPostProcessors (for example: not eligible for auto-proxying). Is this bean getting eagerly injected into a currently created BeanPostProcessor [jobRegistryBeanPostProcessor]? Check the corresponding BeanPostProcessor declaration and its dependencies.
-2025-06-05 18:09:22.432 - WARN 45737 --- [           main] trationDelegate$BeanPostProcessorChecker : Bean 'platformTransactionManagerCustomizers' of type [org.springframework.boot.autoconfigure.transaction.TransactionManagerCustomizers] is not eligible for getting processed by all BeanPostProcessors (for example: not eligible for auto-proxying). Is this bean getting eagerly injected into a currently created BeanPostProcessor [jobRegistryBeanPostProcessor]? Check the corresponding BeanPostProcessor declaration and its dependencies.
-2025-06-05 18:09:22.441 - WARN 45737 --- [           main] trationDelegate$BeanPostProcessorChecker : Bean 'jpaVendorAdapter' of type [org.springframework.orm.jpa.vendor.HibernateJpaVendorAdapter] is not eligible for getting processed by all BeanPostProcessors (for example: not eligible for auto-proxying). Is this bean getting eagerly injected into a currently created BeanPostProcessor [jobRegistryBeanPostProcessor]? Check the corresponding BeanPostProcessor declaration and its dependencies.
-2025-06-05 18:09:22.444 - WARN 45737 --- [           main] trationDelegate$BeanPostProcessorChecker : Bean 'entityManagerFactoryBuilder' of type [org.springframework.boot.orm.jpa.EntityManagerFactoryBuilder] is not eligible for getting processed by all BeanPostProcessors (for example: not eligible for auto-proxying). Is this bean getting eagerly injected into a currently created BeanPostProcessor [jobRegistryBeanPostProcessor]? Check the corresponding BeanPostProcessor declaration and its dependencies.
-2025-06-05 18:09:22.447 - WARN 45737 --- [           main] trationDelegate$BeanPostProcessorChecker : Bean 'persistenceManagedTypes' of type [org.springframework.orm.jpa.persistenceunit.SimplePersistenceManagedTypes] is not eligible for getting processed by all BeanPostProcessors (for example: not eligible for auto-proxying). Is this bean getting eagerly injected into a currently created BeanPostProcessor [jobRegistryBeanPostProcessor]? Check the corresponding BeanPostProcessor declaration and its dependencies.
-2025-06-05 18:09:22.461 - INFO 45737 --- [           main] o.hibernate.jpa.internal.util.LogHelper  : HHH000204: Processing PersistenceUnitInfo [name: default]
-2025-06-05 18:09:22.480 - INFO 45737 --- [           main] org.hibernate.Version                    : HHH000412: Hibernate ORM core version 6.4.4.Final
-2025-06-05 18:09:22.491 - INFO 45737 --- [           main] o.h.c.internal.RegionFactoryInitiator    : HHH000026: Second-level cache disabled
-2025-06-05 18:09:22.562 - INFO 45737 --- [           main] o.s.o.j.p.SpringPersistenceUnitInfo      : No LoadTimeWeaver setup: ignoring JPA class transformer
-2025-06-05 18:09:22.571 - INFO 45737 --- [           main] com.zaxxer.hikari.HikariDataSource       : HikariPool-1 - Starting...
-2025-06-05 18:09:22.670 - INFO 45737 --- [           main] com.zaxxer.hikari.pool.HikariPool        : HikariPool-1 - Added connection org.postgresql.jdbc.PgConnection@12404f9d
-2025-06-05 18:09:22.670 - INFO 45737 --- [           main] com.zaxxer.hikari.HikariDataSource       : HikariPool-1 - Start completed.
-2025-06-05 18:09:22.698 - WARN 45737 --- [           main] org.hibernate.orm.deprecation            : HHH90000025: PostgreSQLDialect does not need to be specified explicitly using 'hibernate.dialect' (remove the property setting and it will be selected by default)
-2025-06-05 18:09:22.798 - WARN 45737 --- [           main] trationDelegate$BeanPostProcessorChecker : Bean '(inner bean)#a5d23c9' of type [org.springframework.beans.factory.config.ObjectFactoryCreatingFactoryBean] is not eligible for getting processed by all BeanPostProcessors (for example: not eligible for auto-proxying). Is this bean getting eagerly injected into a currently created BeanPostProcessor [jobRegistryBeanPostProcessor]? Check the corresponding BeanPostProcessor declaration and its dependencies.
-2025-06-05 18:09:22.801 - WARN 45737 --- [           main] trationDelegate$BeanPostProcessorChecker : Bean '(inner bean)#a5d23c9' of type [org.springframework.beans.factory.config.ObjectFactoryCreatingFactoryBean$TargetBeanObjectFactory] is not eligible for getting processed by all BeanPostProcessors (for example: not eligible for auto-proxying). Is this bean getting eagerly injected into a currently created BeanPostProcessor [jobRegistryBeanPostProcessor]? Check the corresponding BeanPostProcessor declaration and its dependencies.
-2025-06-05 18:09:23.070 - INFO 45737 --- [           main] o.h.e.t.j.p.i.JtaPlatformInitiator       : HHH000489: No JTA platform available (set 'hibernate.transaction.jta.platform' to enable JTA platform integration)
-Hibernate: 
    create table public.admin_user_allowed_ips (
        admin_user_id uuid not null,
        ip_address varchar(45)
    )
Hibernate: 
    create table public.admin_user_roles (
        admin_user_id uuid not null,
        role varchar(255) check (role in ('SUPER_ADMIN','SYSTEM_ADMIN','FINANCIAL_ADMIN','CUSTOMER_SERVICE_ADMIN','COMPLIANCE_OFFICER','ANALYST'))
    )
Hibernate: 
    create table public.admin_users (
        id uuid not null,
        created_at timestamp(6) not null,
        created_by varchar(255),
        updated_at timestamp(6),
        updated_by varchar(255),
        version bigint,
        email varchar(100) not null,
        failed_login_attempts integer not null,
        force_password_change boolean not null,
        last_login timestamp(6),
        last_password_change timestamp(6),
        locked_until timestamp(6),
        mfa_enabled boolean not null,
        mfa_secret varchar(255),
        password_expires_at timestamp(6),
        password_hash varchar(255) not null,
        session_timeout_minutes integer,
        status varchar(20) not null check (status in ('ACTIVE','INACTIVE','SUSPENDED','LOCKED','EXPIRED','PENDING_ACTIVATION')),
        username varchar(50) not null,
        primary key (id)
    )
Hibernate: 
    create table public.audit_logs (
        id uuid not null,
        created_at timestamp(6) not null,
        created_by varchar(255),
        updated_at timestamp(6),
        updated_by varchar(255),
        version bigint,
        action_type varchar(100) not null,
        end_time timestamp(6) not null,
        entity_id uuid,
        entity_type varchar(100) not null,
        error_message varchar(255),
        ip_address varchar(45),
        method_name varchar(100),
        new_values jsonb,
        old_values jsonb,
        parameters varchar(255),
        session_id varchar(255),
        start_time timestamp(6) not null,
        status varchar(20) not null,
        user_agent varchar(255),
        user_id uuid,
        user_type varchar(10) not null,
        primary key (id)
    )
Hibernate: 
    create table public.users (
        id uuid not null,
        created_at timestamp(6) not null,
        created_by varchar(255),
        updated_at timestamp(6),
        updated_by varchar(255),
        version bigint,
        account_locked_at timestamp(6),
        date_of_birth timestamp(6),
        email varchar(100) not null,
        email_verified boolean,
        failed_login_attempts integer,
        first_name varchar(50),
        last_failed_login_at timestamp(6),
        last_login_at timestamp(6),
        last_login_ip varchar(255),
        last_name varchar(50),
        locale varchar(10),
        login_count bigint,
        password varchar(255) not null,
        password_changed_at timestamp(6),
        phone_number varchar(20),
        phone_verified boolean,
        profile_image_url varchar(255),
        status varchar(255) not null check (status in ('ACTIVE','SUSPENDED','BANNED','PENDING_VERIFICATION','DEACTIVATED','LOCKED')),
        status_change_reason varchar(500),
        status_changed_at timestamp(6),
        status_changed_by uuid,
        timezone varchar(10),
        username varchar(50) not null,
        primary key (id)
    )
Hibernate: 
    create index idx_admin_username 
       on public.admin_users (username)
Hibernate: 
    create index idx_admin_email 
       on public.admin_users (email)
Hibernate: 
    create index idx_admin_status 
       on public.admin_users (status)
Hibernate: 
    alter table if exists public.admin_users 
       drop constraint if exists UK_cp8822350s9vtyww7xdbgeuvu
2025-06-05 18:09:23.133 - WARN 45737 --- [           main] o.h.engine.jdbc.spi.SqlExceptionHelper   : SQL Warning Code: 0, SQLState: 00000
-2025-06-05 18:09:23.133 - WARN 45737 --- [           main] o.h.engine.jdbc.spi.SqlExceptionHelper   : constraint "uk_cp8822350s9vtyww7xdbgeuvu" of relation "admin_users" does not exist, skipping
-Hibernate: 
    alter table if exists public.admin_users 
       add constraint UK_cp8822350s9vtyww7xdbgeuvu unique (email)
Hibernate: 
    alter table if exists public.admin_users 
       drop constraint if exists UK_3fgxk4ewgaxgtgvqwb1jjudj6
2025-06-05 18:09:23.135 - WARN 45737 --- [           main] o.h.engine.jdbc.spi.SqlExceptionHelper   : SQL Warning Code: 0, SQLState: 00000
-2025-06-05 18:09:23.135 - WARN 45737 --- [           main] o.h.engine.jdbc.spi.SqlExceptionHelper   : constraint "uk_3fgxk4ewgaxgtgvqwb1jjudj6" of relation "admin_users" does not exist, skipping
-Hibernate: 
    alter table if exists public.admin_users 
       add constraint UK_3fgxk4ewgaxgtgvqwb1jjudj6 unique (username)
Hibernate: 
    create index idx_audit_user_id 
       on public.audit_logs (user_id)
Hibernate: 
    create index idx_audit_action_type 
       on public.audit_logs (action_type)
Hibernate: 
    create index idx_audit_entity_type 
       on public.audit_logs (entity_type)
Hibernate: 
    create index idx_audit_created_at 
       on public.audit_logs (created_at)
Hibernate: 
    create index idx_user_email 
       on public.users (email)
Hibernate: 
    create index idx_user_username 
       on public.users (username)
Hibernate: 
    create index idx_user_status 
       on public.users (status)
Hibernate: 
    create index idx_user_created_at 
       on public.users (created_at)
Hibernate: 
    create index idx_user_last_login 
       on public.users (last_login_at)
Hibernate: 
    alter table if exists public.users 
       drop constraint if exists UK_6dotkott2kjsp8vw4d0m25fb7
2025-06-05 18:09:23.148 - WARN 45737 --- [           main] o.h.engine.jdbc.spi.SqlExceptionHelper   : SQL Warning Code: 0, SQLState: 00000
-2025-06-05 18:09:23.148 - WARN 45737 --- [           main] o.h.engine.jdbc.spi.SqlExceptionHelper   : constraint "uk_6dotkott2kjsp8vw4d0m25fb7" of relation "users" does not exist, skipping
-Hibernate: 
    alter table if exists public.users 
       add constraint UK_6dotkott2kjsp8vw4d0m25fb7 unique (email)
Hibernate: 
    alter table if exists public.users 
       drop constraint if exists UK_r43af9ap4edm43mmtq01oddj6
2025-06-05 18:09:23.150 - WARN 45737 --- [           main] o.h.engine.jdbc.spi.SqlExceptionHelper   : SQL Warning Code: 0, SQLState: 00000
-2025-06-05 18:09:23.150 - WARN 45737 --- [           main] o.h.engine.jdbc.spi.SqlExceptionHelper   : constraint "uk_r43af9ap4edm43mmtq01oddj6" of relation "users" does not exist, skipping
-Hibernate: 
    alter table if exists public.users 
       add constraint UK_r43af9ap4edm43mmtq01oddj6 unique (username)
Hibernate: 
    alter table if exists public.admin_user_allowed_ips 
       add constraint FK6djpms049826iouqv8t4aun7w 
       foreign key (admin_user_id) 
       references public.admin_users
Hibernate: 
    alter table if exists public.admin_user_roles 
       add constraint FK486l3h5kt03mw088cosejeud1 
       foreign key (admin_user_id) 
       references public.admin_users
2025-06-05 18:09:23.157 - INFO 45737 --- [           main] j.LocalContainerEntityManagerFactoryBean : Initialized JPA EntityManagerFactory for persistence unit 'default'
-2025-06-05 18:09:23.158 - WARN 45737 --- [           main] trationDelegate$BeanPostProcessorChecker : Bean 'entityManagerFactory' of type [org.springframework.orm.jpa.LocalContainerEntityManagerFactoryBean] is not eligible for getting processed by all BeanPostProcessors (for example: not eligible for auto-proxying). Is this bean getting eagerly injected into a currently created BeanPostProcessor [jobRegistryBeanPostProcessor]? Check the corresponding BeanPostProcessor declaration and its dependencies.
-2025-06-05 18:09:23.168 - WARN 45737 --- [           main] trationDelegate$BeanPostProcessorChecker : Bean 'entityManagerFactory' of type [jdk.proxy2.$Proxy177] is not eligible for getting processed by all BeanPostProcessors (for example: not eligible for auto-proxying). Is this bean getting eagerly injected into a currently created BeanPostProcessor [jobRegistryBeanPostProcessor]? Check the corresponding BeanPostProcessor declaration and its dependencies.
-2025-06-05 18:09:23.174 - WARN 45737 --- [           main] trationDelegate$BeanPostProcessorChecker : Bean 'transactionManager' of type [org.springframework.orm.jpa.JpaTransactionManager] is not eligible for getting processed by all BeanPostProcessors (for example: not eligible for auto-proxying). Is this bean getting eagerly injected into a currently created BeanPostProcessor [jobRegistryBeanPostProcessor]? Check the corresponding BeanPostProcessor declaration and its dependencies.
-2025-06-05 18:09:23.183 - WARN 45737 --- [           main] trationDelegate$BeanPostProcessorChecker : Bean 'spring.batch-org.springframework.boot.autoconfigure.batch.BatchProperties' of type [org.springframework.boot.autoconfigure.batch.BatchProperties] is not eligible for getting processed by all BeanPostProcessors (for example: not eligible for auto-proxying). Is this bean getting eagerly injected into a currently created BeanPostProcessor [jobRegistryBeanPostProcessor]? Check the corresponding BeanPostProcessor declaration and its dependencies.
-2025-06-05 18:09:23.186 - WARN 45737 --- [           main] trationDelegate$BeanPostProcessorChecker : Bean 'org.springframework.boot.autoconfigure.batch.BatchAutoConfiguration$SpringBootBatchConfiguration' of type [org.springframework.boot.autoconfigure.batch.BatchAutoConfiguration$SpringBootBatchConfiguration] is not eligible for getting processed by all BeanPostProcessors (for example: not eligible for auto-proxying). The currently created BeanPostProcessor [jobRegistryBeanPostProcessor] is declared through a non-static factory method on that class; consider declaring it as static instead.
-2025-06-05 18:09:23.332 - INFO 45737 --- [           main] o.s.b.w.embedded.tomcat.TomcatWebServer  : Tomcat initialized with port 8090 (http)
-2025-06-05 18:09:23.337 - INFO 45737 --- [           main] o.apache.catalina.core.StandardService   : Starting service [Tomcat]
-2025-06-05 18:09:23.338 - INFO 45737 --- [           main] o.apache.catalina.core.StandardEngine    : Starting Servlet engine: [Apache Tomcat/10.1.19]
-2025-06-05 18:09:23.364 - INFO 45737 --- [           main] o.a.c.c.C.[.[localhost].[/api/admin]     : Initializing Spring embedded WebApplicationContext
-2025-06-05 18:09:23.365 - INFO 45737 --- [           main] w.s.c.ServletWebServerApplicationContext : Root WebApplicationContext: initialization completed in 1678 ms
-2025-06-05 18:09:23.665 - INFO 45737 --- [           main] o.s.d.j.r.query.QueryEnhancerFactory     : Hibernate is in classpath; If applicable, HQL parser will be used.
-2025-06-05 18:09:23.963 - INFO 45737 --- [           main] com.tycoon.admin.config.JacksonConfig    : Configuring primary Jackson ObjectMapper
-2025-06-05 18:09:23.984 - INFO 45737 --- [           main] c.t.admin.config.RedisConfiguration      : Configuring Redis connection to localhost:6380
-2025-06-05 18:09:23.992 - INFO 45737 --- [           main] c.t.admin.config.RedisConfiguration      : Creating Redis connection factory with host: localhost, port: 6380
-2025-06-05 18:09:24.095 - INFO 45737 --- [           main] c.t.admin.config.RedisConfiguration      : Testing Redis connection...
-2025-06-05 18:09:24.242 - INFO 45737 --- [           main] c.t.admin.config.RedisConfiguration      : Redis connection successful
-2025-06-05 18:09:24.294 -DEBUG 45737 --- [           main] c.t.a.a.s.JwtAuthenticationFilter        : Filter 'jwtAuthenticationFilter' configured for use
-2025-06-05 18:09:24.576 - WARN 45737 --- [           main] JpaBaseConfiguration$JpaWebConfiguration : spring.jpa.open-in-view is enabled by default. Therefore, database queries may be performed during view rendering. Explicitly configure spring.jpa.open-in-view to disable this warning
-2025-06-05 18:09:24.725 - INFO 45737 --- [           main] com.tycoon.admin.config.WebMvcConfig     : Configuring Swagger UI resource handlers
-2025-06-05 18:09:25.023 - INFO 45737 --- [           main] org.mongodb.driver.client                : MongoClient with metadata {"driver": {"name": "mongo-java-driver|sync|spring-boot", "version": "4.11.1"}, "os": {"type": "Darwin", "name": "Mac OS X", "architecture": "aarch64", "version": "14.3.1"}, "platform": "Java/Eclipse Adoptium/17.0.15+6"} created with settings MongoClientSettings{readPreference=primary, writeConcern=WriteConcern{w=null, wTimeout=null ms, journal=null}, retryWrites=true, retryReads=true, readConcern=ReadConcern{level=null}, credential=null, transportSettings=null, streamFactoryFactory=null, commandListeners=[io.micrometer.core.instrument.binder.mongodb.MongoMetricsCommandListener@71f1a533], codecRegistry=ProvidersCodecRegistry{codecProviders=[ValueCodecProvider{}, BsonValueCodecProvider{}, DBRefCodecProvider{}, DBObjectCodecProvider{}, DocumentCodecProvider{}, CollectionCodecProvider{}, IterableCodecProvider{}, MapCodecProvider{}, GeoJsonCodecProvider{}, GridFSFileCodecProvider{}, Jsr310CodecProvider{}, JsonObjectCodecProvider{}, BsonCodecProvider{}, EnumCodecProvider{}, com.mongodb.client.model.mql.ExpressionCodecProvider@39f9b4fc, com.mongodb.Jep395RecordCodecProvider@160f8bfb, com.mongodb.KotlinCodecProvider@1a3d4d94]}, loggerSettings=LoggerSettings{maxDocumentLength=1000}, clusterSettings={hosts=[localhost:27017], srvServiceName=mongodb, mode=SINGLE, requiredClusterType=UNKNOWN, requiredReplicaSetName='null', serverSelector='null', clusterListeners='[]', serverSelectionTimeout='30000 ms', localThreshold='15 ms'}, socketSettings=SocketSettings{connectTimeoutMS=10000, readTimeoutMS=0, receiveBufferSize=0, proxySettings=ProxySettings{host=null, port=null, username=null, password=null}}, heartbeatSocketSettings=SocketSettings{connectTimeoutMS=10000, readTimeoutMS=10000, receiveBufferSize=0, proxySettings=ProxySettings{host=null, port=null, username=null, password=null}}, connectionPoolSettings=ConnectionPoolSettings{maxSize=100, minSize=0, maxWaitTimeMS=120000, maxConnectionLifeTimeMS=0, maxConnectionIdleTimeMS=0, maintenanceInitialDelayMS=0, maintenanceFrequencyMS=60000, connectionPoolListeners=[io.micrometer.core.instrument.binder.mongodb.MongoMetricsConnectionPoolListener@22395d00], maxConnecting=2}, serverSettings=ServerSettings{heartbeatFrequencyMS=10000, minHeartbeatFrequencyMS=500, serverListeners='[]', serverMonitorListeners='[]'}, sslSettings=SslSettings{enabled=false, invalidHostNameAllowed=false, context=null}, applicationName='null', compressorList=[], uuidRepresentation=JAVA_LEGACY, serverApi=null, autoEncryptionSettings=null, dnsClient=null, inetAddressResolver=null, contextProvider=null}
-2025-06-05 18:09:25.029 - INFO 45737 --- [localhost:27017] org.mongodb.driver.cluster               : Monitor thread successfully connected to server with description ServerDescription{address=localhost:27017, type=STANDALONE, state=CONNECTED, ok=true, minWireVersion=0, maxWireVersion=21, maxDocumentSize=16777216, logicalSessionTimeoutMinutes=30, roundTripTimeNanos=8744584}
-2025-06-05 18:09:25.186 - INFO 45737 --- [           main] o.s.b.a.e.web.EndpointLinksResolver      : Exposing 3 endpoint(s) beneath base path '/actuator'
-2025-06-05 18:09:25.260 - INFO 45737 --- [           main] o.s.s.web.DefaultSecurityFilterChain     : Will secure any request with [org.springframework.security.web.session.DisableEncodeUrlFilter@20df24c0, org.springframework.security.web.context.request.async.WebAsyncManagerIntegrationFilter@6256d908, org.springframework.security.web.context.SecurityContextHolderFilter@237b3ab6, org.springframework.security.web.header.HeaderWriterFilter@7e15cac4, org.springframework.web.filter.CorsFilter@79871eeb, org.springframework.security.web.authentication.logout.LogoutFilter@3af91e7e, com.tycoon.admin.auth.security.JwtAuthenticationFilter@2169596d, org.springframework.security.web.savedrequest.RequestCacheAwareFilter@5773ad4a, org.springframework.security.web.servletapi.SecurityContextHolderAwareRequestFilter@427a0746, org.springframework.security.web.authentication.AnonymousAuthenticationFilter@5facf061, org.springframework.security.web.session.SessionManagementFilter@4fe7962, org.springframework.security.web.access.ExceptionTranslationFilter@6e2cd4f4, org.springframework.security.web.access.intercept.AuthorizationFilter@51952ba0]
-2025-06-05 18:09:25.702 -DEBUG 45737 --- [           main] o.s.d.r.l.RedisMessageListenerContainer  : Starting RedisMessageListenerContainer...
-2025-06-05 18:09:25.702 -DEBUG 45737 --- [           main] o.s.d.r.l.RedisMessageListenerContainer  : Postpone listening for Redis messages until actual listeners are added
-2025-06-05 18:09:25.766 - INFO 45737 --- [           main] o.s.b.w.embedded.tomcat.TomcatWebServer  : Tomcat started on port 8090 (http) with context path '/api/admin'
-2025-06-05 18:09:25.778 - INFO 45737 --- [           main] c.t.admin.AdminManagementApplication     : Started AdminManagementApplication in 4.255 seconds (process running for 4.386)
-2025-06-05 18:09:25.801 - INFO 45737 --- [           main] o.s.b.a.b.JobLauncherApplicationRunner   : Running default command line with: []
-Hibernate: 
    select
        au1_0.id,
        au1_0.created_at,
        au1_0.created_by,
        au1_0.email,
        au1_0.failed_login_attempts,
        au1_0.force_password_change,
        au1_0.last_login,
        au1_0.last_password_change,
        au1_0.locked_until,
        au1_0.mfa_enabled,
        au1_0.mfa_secret,
        au1_0.password_expires_at,
        au1_0.password_hash,
        au1_0.session_timeout_minutes,
        au1_0.status,
        au1_0.updated_at,
        au1_0.updated_by,
        au1_0.username,
        au1_0.version 
    from
        public.admin_users au1_0 
    where
        au1_0.username=?
Hibernate: 
    insert 
    into
        public.admin_users
        (created_at, created_by, email, failed_login_attempts, force_password_change, last_login, last_password_change, locked_until, mfa_enabled, mfa_secret, password_expires_at, password_hash, session_timeout_minutes, status, updated_at, updated_by, username, version, id) 
    values
        (?, ?, ?, ?, ?, ?, ?, ?, ?, ?, ?, ?, ?, ?, ?, ?, ?, ?, ?)
Hibernate: 
    update
        public.admin_users 
    set
        email=?,
        failed_login_attempts=?,
        force_password_change=?,
        last_login=?,
        last_password_change=?,
        locked_until=?,
        mfa_enabled=?,
        mfa_secret=?,
        password_expires_at=?,
        password_hash=?,
        session_timeout_minutes=?,
        status=?,
        updated_at=?,
        updated_by=?,
        username=?,
        version=? 
    where
        id=? 
        and version=?
Hibernate: 
    insert 
    into
        public.admin_user_roles
        (admin_user_id, role) 
    values
        (?, ?)
Default admin user created with username: admin and password: admin123
2025-06-05 18:09:29.870 - INFO 45737 --- [nio-8090-exec-1] o.a.c.c.C.[.[localhost].[/api/admin]     : Initializing Spring DispatcherServlet 'dispatcherServlet'
-2025-06-05 18:09:29.870 - INFO 45737 --- [nio-8090-exec-1] o.s.web.servlet.DispatcherServlet        : Initializing Servlet 'dispatcherServlet'
-2025-06-05 18:09:29.884 - INFO 45737 --- [nio-8090-exec-1] o.s.web.servlet.DispatcherServlet        : Completed initialization in 14 ms
-2025-06-05 18:09:29.898 -DEBUG 45737 --- [nio-8090-exec-1] o.s.security.web.FilterChainProxy        : Securing GET /actuator/health
-2025-06-05 18:09:29.904 -DEBUG 45737 --- [nio-8090-exec-1] o.s.s.w.a.AnonymousAuthenticationFilter  : Set SecurityContextHolder to anonymous SecurityContext
-2025-06-05 18:09:29.907 -DEBUG 45737 --- [nio-8090-exec-1] o.s.security.web.FilterChainProxy        : Secured GET /actuator/health
-2025-06-05 18:09:29.924 - INFO 45737 --- [nio-8090-exec-1] o.s.a.r.c.CachingConnectionFactory       : Attempting to connect to: [localhost:5672]
-2025-06-05 18:09:29.958 - INFO 45737 --- [nio-8090-exec-1] o.s.a.r.c.CachingConnectionFactory       : Created new connection: rabbitConnectionFactory#17844cbd:0/SimpleConnection@4021db8c [delegate=amqp://guest@127.0.0.1:5672/, localPort=61833]
-2025-06-05 18:09:30.028 -DEBUG 45737 --- [nio-8090-exec-1] o.s.d.redis.core.RedisConnectionUtils    : Fetching Redis Connection from RedisConnectionFactory
-2025-06-05 18:09:30.033 -DEBUG 45737 --- [nio-8090-exec-1] o.s.d.redis.core.RedisConnectionUtils    : Closing Redis Connection
-2025-06-05 18:09:30.355 -DEBUG 45737 --- [nio-8090-exec-2] o.s.security.web.FilterChainProxy        : Securing GET /actuator/health
-2025-06-05 18:09:30.355 -DEBUG 45737 --- [nio-8090-exec-2] o.s.s.w.a.AnonymousAuthenticationFilter  : Set SecurityContextHolder to anonymous SecurityContext
-2025-06-05 18:09:30.356 -DEBUG 45737 --- [nio-8090-exec-2] o.s.security.web.FilterChainProxy        : Secured GET /actuator/health
-2025-06-05 18:09:30.358 -DEBUG 45737 --- [nio-8090-exec-2] o.s.d.redis.core.RedisConnectionUtils    : Fetching Redis Connection from RedisConnectionFactory
-2025-06-05 18:09:30.360 -DEBUG 45737 --- [nio-8090-exec-2] o.s.d.redis.core.RedisConnectionUtils    : Closing Redis Connection
-2025-06-05 18:09:30.369 -DEBUG 45737 --- [nio-8090-exec-4] o.s.security.web.FilterChainProxy        : Securing GET /actuator/health
-2025-06-05 18:09:30.369 -DEBUG 45737 --- [nio-8090-exec-4] o.s.s.w.a.AnonymousAuthenticationFilter  : Set SecurityContextHolder to anonymous SecurityContext
-2025-06-05 18:09:30.369 -DEBUG 45737 --- [nio-8090-exec-4] o.s.security.web.FilterChainProxy        : Secured GET /actuator/health
-2025-06-05 18:09:30.371 -DEBUG 45737 --- [nio-8090-exec-4] o.s.d.redis.core.RedisConnectionUtils    : Fetching Redis Connection from RedisConnectionFactory
-2025-06-05 18:09:30.372 -DEBUG 45737 --- [nio-8090-exec-4] o.s.d.redis.core.RedisConnectionUtils    : Closing Redis Connection
-2025-06-05 18:09:36.546 -DEBUG 45737 --- [nio-8090-exec-6] o.s.security.web.FilterChainProxy        : Securing GET /swagger-ui/index.html
-2025-06-05 18:09:36.553 -DEBUG 45737 --- [nio-8090-exec-6] o.s.s.w.a.AnonymousAuthenticationFilter  : Set SecurityContextHolder to anonymous SecurityContext
-2025-06-05 18:09:36.555 -DEBUG 45737 --- [nio-8090-exec-6] o.s.security.web.FilterChainProxy        : Secured GET /swagger-ui/index.html
-2025-06-05 18:09:37.018 -DEBUG 45737 --- [io-8090-exec-10] o.s.security.web.FilterChainProxy        : Securing GET /swagger-ui/swagger-ui-bundle.js
-2025-06-05 18:09:37.019 -DEBUG 45737 --- [nio-8090-exec-1] o.s.security.web.FilterChainProxy        : Securing GET /swagger-ui/index.css
-2025-06-05 18:09:37.019 -DEBUG 45737 --- [io-8090-exec-10] o.s.s.w.a.AnonymousAuthenticationFilter  : Set SecurityContextHolder to anonymous SecurityContext
-2025-06-05 18:09:37.019 -DEBUG 45737 --- [nio-8090-exec-9] o.s.security.web.FilterChainProxy        : Securing GET /swagger-ui/swagger-ui.css
-2025-06-05 18:09:37.020 -DEBUG 45737 --- [nio-8090-exec-1] o.s.s.w.a.AnonymousAuthenticationFilter  : Set SecurityContextHolder to anonymous SecurityContext
-2025-06-05 18:09:37.020 -DEBUG 45737 --- [nio-8090-exec-9] o.s.s.w.a.AnonymousAuthenticationFilter  : Set SecurityContextHolder to anonymous SecurityContext
-2025-06-05 18:09:37.020 -DEBUG 45737 --- [nio-8090-exec-2] o.s.security.web.FilterChainProxy        : Securing GET /swagger-ui/swagger-ui-standalone-preset.js
-2025-06-05 18:09:37.020 -DEBUG 45737 --- [io-8090-exec-10] o.s.security.web.FilterChainProxy        : Secured GET /swagger-ui/swagger-ui-bundle.js
-2025-06-05 18:09:37.020 -DEBUG 45737 --- [nio-8090-exec-9] o.s.security.web.FilterChainProxy        : Secured GET /swagger-ui/swagger-ui.css
-2025-06-05 18:09:37.020 -DEBUG 45737 --- [nio-8090-exec-2] o.s.s.w.a.AnonymousAuthenticationFilter  : Set SecurityContextHolder to anonymous SecurityContext
-2025-06-05 18:09:37.021 -DEBUG 45737 --- [nio-8090-exec-2] o.s.security.web.FilterChainProxy        : Secured GET /swagger-ui/swagger-ui-standalone-preset.js
-2025-06-05 18:09:37.021 -DEBUG 45737 --- [nio-8090-exec-1] o.s.security.web.FilterChainProxy        : Secured GET /swagger-ui/index.css
-2025-06-05 18:09:37.024 -DEBUG 45737 --- [nio-8090-exec-3] o.s.security.web.FilterChainProxy        : Securing GET /swagger-ui/swagger-initializer.js
-2025-06-05 18:09:37.025 -DEBUG 45737 --- [nio-8090-exec-3] o.s.s.w.a.AnonymousAuthenticationFilter  : Set SecurityContextHolder to anonymous SecurityContext
-2025-06-05 18:09:37.026 -DEBUG 45737 --- [nio-8090-exec-3] o.s.security.web.FilterChainProxy        : Secured GET /swagger-ui/swagger-initializer.js
-2025-06-05 18:09:37.181 -DEBUG 45737 --- [nio-8090-exec-4] o.s.security.web.FilterChainProxy        : Securing GET /v3/api-docs/swagger-config
-2025-06-05 18:09:37.181 -DEBUG 45737 --- [nio-8090-exec-4] o.s.s.w.a.AnonymousAuthenticationFilter  : Set SecurityContextHolder to anonymous SecurityContext
-2025-06-05 18:09:37.182 -DEBUG 45737 --- [nio-8090-exec-4] o.s.security.web.FilterChainProxy        : Secured GET /v3/api-docs/swagger-config
-2025-06-05 18:09:37.215 -DEBUG 45737 --- [nio-8090-exec-5] o.s.security.web.FilterChainProxy        : Securing GET /v3/api-docs/lifetech-api
-2025-06-05 18:09:37.216 -DEBUG 45737 --- [nio-8090-exec-5] o.s.s.w.a.AnonymousAuthenticationFilter  : Set SecurityContextHolder to anonymous SecurityContext
-2025-06-05 18:09:37.216 -DEBUG 45737 --- [nio-8090-exec-5] o.s.security.web.FilterChainProxy        : Secured GET /v3/api-docs/lifetech-api
-2025-06-05 18:09:37.645 - INFO 45737 --- [nio-8090-exec-5] o.springdoc.api.AbstractOpenApiResource  : Init duration for springdoc-openapi is: 421 ms
-2025-06-05 18:11:49.085 -DEBUG 45737 --- [nio-8090-exec-2] o.s.security.web.FilterChainProxy        : Securing GET /swagger-ui/index.html
-2025-06-05 18:11:49.088 -DEBUG 45737 --- [nio-8090-exec-2] o.s.s.w.a.AnonymousAuthenticationFilter  : Set SecurityContextHolder to anonymous SecurityContext
-2025-06-05 18:11:49.089 -DEBUG 45737 --- [nio-8090-exec-2] o.s.security.web.FilterChainProxy        : Secured GET /swagger-ui/index.html
-2025-06-05 18:11:49.138 -DEBUG 45737 --- [io-8090-exec-10] o.s.security.web.FilterChainProxy        : Securing GET /swagger-ui/swagger-ui.css
-2025-06-05 18:11:49.138 -DEBUG 45737 --- [io-8090-exec-10] o.s.s.w.a.AnonymousAuthenticationFilter  : Set SecurityContextHolder to anonymous SecurityContext
-2025-06-05 18:11:49.138 -DEBUG 45737 --- [nio-8090-exec-6] o.s.security.web.FilterChainProxy        : Securing GET /swagger-ui/swagger-initializer.js
-2025-06-05 18:11:49.138 -DEBUG 45737 --- [io-8090-exec-10] o.s.security.web.FilterChainProxy        : Secured GET /swagger-ui/swagger-ui.css
-2025-06-05 18:11:49.138 -DEBUG 45737 --- [nio-8090-exec-4] o.s.security.web.FilterChainProxy        : Securing GET /swagger-ui/swagger-ui-bundle.js
-2025-06-05 18:11:49.138 -DEBUG 45737 --- [nio-8090-exec-5] o.s.security.web.FilterChainProxy        : Securing GET /swagger-ui/swagger-ui-standalone-preset.js
-2025-06-05 18:11:49.138 -DEBUG 45737 --- [nio-8090-exec-3] o.s.security.web.FilterChainProxy        : Securing GET /swagger-ui/index.css
-2025-06-05 18:11:49.139 -DEBUG 45737 --- [nio-8090-exec-3] o.s.s.w.a.AnonymousAuthenticationFilter  : Set SecurityContextHolder to anonymous SecurityContext
-2025-06-05 18:11:49.139 -DEBUG 45737 --- [nio-8090-exec-4] o.s.s.w.a.AnonymousAuthenticationFilter  : Set SecurityContextHolder to anonymous SecurityContext
-2025-06-05 18:11:49.139 -DEBUG 45737 --- [nio-8090-exec-6] o.s.s.w.a.AnonymousAuthenticationFilter  : Set SecurityContextHolder to anonymous SecurityContext
-2025-06-05 18:11:49.139 -DEBUG 45737 --- [nio-8090-exec-6] o.s.security.web.FilterChainProxy        : Secured GET /swagger-ui/swagger-initializer.js
-2025-06-05 18:11:49.139 -DEBUG 45737 --- [nio-8090-exec-3] o.s.security.web.FilterChainProxy        : Secured GET /swagger-ui/index.css
-2025-06-05 18:11:49.139 -DEBUG 45737 --- [nio-8090-exec-4] o.s.security.web.FilterChainProxy        : Secured GET /swagger-ui/swagger-ui-bundle.js
-2025-06-05 18:11:49.139 -DEBUG 45737 --- [nio-8090-exec-5] o.s.s.w.a.AnonymousAuthenticationFilter  : Set SecurityContextHolder to anonymous SecurityContext
-2025-06-05 18:11:49.139 -DEBUG 45737 --- [nio-8090-exec-5] o.s.security.web.FilterChainProxy        : Secured GET /swagger-ui/swagger-ui-standalone-preset.js
-2025-06-05 18:11:49.220 -DEBUG 45737 --- [nio-8090-exec-9] o.s.security.web.FilterChainProxy        : Securing GET /v3/api-docs/swagger-config
-2025-06-05 18:11:49.220 -DEBUG 45737 --- [nio-8090-exec-9] o.s.s.w.a.AnonymousAuthenticationFilter  : Set SecurityContextHolder to anonymous SecurityContext
-2025-06-05 18:11:49.221 -DEBUG 45737 --- [nio-8090-exec-9] o.s.security.web.FilterChainProxy        : Secured GET /v3/api-docs/swagger-config
-2025-06-05 18:11:49.222 -DEBUG 45737 --- [nio-8090-exec-8] o.s.security.web.FilterChainProxy        : Securing GET /swagger-ui/favicon-32x32.png
-2025-06-05 18:11:49.223 -DEBUG 45737 --- [nio-8090-exec-8] o.s.s.w.a.AnonymousAuthenticationFilter  : Set SecurityContextHolder to anonymous SecurityContext
-2025-06-05 18:11:49.223 -DEBUG 45737 --- [nio-8090-exec-8] o.s.security.web.FilterChainProxy        : Secured GET /swagger-ui/favicon-32x32.png
-2025-06-05 18:11:49.238 -DEBUG 45737 --- [nio-8090-exec-1] o.s.security.web.FilterChainProxy        : Securing GET /v3/api-docs/lifetech-api
-2025-06-05 18:11:49.239 -DEBUG 45737 --- [nio-8090-exec-1] o.s.s.w.a.AnonymousAuthenticationFilter  : Set SecurityContextHolder to anonymous SecurityContext
-2025-06-05 18:11:49.239 -DEBUG 45737 --- [nio-8090-exec-1] o.s.security.web.FilterChainProxy        : Secured GET /v3/api-docs/lifetech-api
-2025-06-05 18:51:08.095 - WARN 45737 --- [l-1 housekeeper] com.zaxxer.hikari.pool.HikariPool        : HikariPool-1 - Thread starvation or clock leap detected (housekeeper delta=35m45s247ms).
-2025-06-05 20:09:29.556 - WARN 45737 --- [l-1 housekeeper] com.zaxxer.hikari.pool.HikariPool        : HikariPool-1 - Thread starvation or clock leap detected (housekeeper delta=1h18m21s481ms).
-2025-06-05 21:05:49.376 - WARN 45737 --- [l-1 housekeeper] com.zaxxer.hikari.pool.HikariPool        : HikariPool-1 - Thread starvation or clock leap detected (housekeeper delta=56m19s820ms).
-2025-06-05 22:18:26.580 - WARN 45737 --- [l-1 housekeeper] com.zaxxer.hikari.pool.HikariPool        : HikariPool-1 - Thread starvation or clock leap detected (housekeeper delta=1h12m37s204ms).
-2025-06-05 23:36:15.360 - WARN 45737 --- [l-1 housekeeper] com.zaxxer.hikari.pool.HikariPool        : HikariPool-1 - Thread starvation or clock leap detected (housekeeper delta=1h17m48s767ms).
-2025-06-06 00:36:50.007 - WARN 45737 --- [l-1 housekeeper] com.zaxxer.hikari.pool.HikariPool        : HikariPool-1 - Thread starvation or clock leap detected (housekeeper delta=1h34s658ms).
-2025-06-06 01:56:40.984 - WARN 45737 --- [l-1 housekeeper] com.zaxxer.hikari.pool.HikariPool        : HikariPool-1 - Thread starvation or clock leap detected (housekeeper delta=1h19m50s977ms).
-2025-06-06 03:08:58.708 - WARN 45737 --- [l-1 housekeeper] com.zaxxer.hikari.pool.HikariPool        : HikariPool-1 - Thread starvation or clock leap detected (housekeeper delta=1h12m17s725ms).
-2025-06-06 04:48:40.265 - WARN 45737 --- [l-1 housekeeper] com.zaxxer.hikari.pool.HikariPool        : HikariPool-1 - Thread starvation or clock leap detected (housekeeper delta=1h39m41s554ms).
-2025-06-06 06:14:30.339 - WARN 45737 --- [l-1 housekeeper] com.zaxxer.hikari.pool.HikariPool        : HikariPool-1 - Thread starvation or clock leap detected (housekeeper delta=1h25m50s76ms).
-2025-06-06 07:18:17.118 - WARN 45737 --- [l-1 housekeeper] com.zaxxer.hikari.pool.HikariPool        : HikariPool-1 - Thread starvation or clock leap detected (housekeeper delta=1h3m46s778ms).
-2025-06-06 08:36:28.670 - WARN 45737 --- [l-1 housekeeper] com.zaxxer.hikari.pool.HikariPool        : HikariPool-1 - Thread starvation or clock leap detected (housekeeper delta=1h18m11s551ms).
-2025-06-06 09:38:20.281 - WARN 45737 --- [l-1 housekeeper] com.zaxxer.hikari.pool.HikariPool        : HikariPool-1 - Thread starvation or clock leap detected (housekeeper delta=1h1m51s613ms).
-2025-06-06 10:36:46.790 - WARN 45737 --- [l-1 housekeeper] com.zaxxer.hikari.pool.HikariPool        : HikariPool-1 - Thread starvation or clock leap detected (housekeeper delta=58m26s509ms).
-2025-06-06 10:54:12.687 - WARN 45737 --- [l-1 housekeeper] com.zaxxer.hikari.pool.HikariPool        : HikariPool-1 - Thread starvation or clock leap detected (housekeeper delta=17m25s897ms).
-